<?xml version="1.0" encoding="UTF-8"?>
<testsuite xmlns:xsi="http://www.w3.org/2001/XMLSchema-instance" xsi:noNamespaceSchemaLocation="https://maven.apache.org/surefire/maven-surefire-plugin/xsd/surefire-test-report-3.0.xsd" version="3.0" name="live.learnjava.sms.ApplicationTests" time="21.535" tests="1" errors="0" skipped="0" failures="0">
  <properties>
[...]
</properties>
  <testcase name="contextLoads" classname="live.learnjava.sms.ApplicationTests" time="1.587">
    <system-out><![CDATA[01:38:31.126 [main] INFO org.springframework.test.context.support.AnnotationConfigContextLoaderUtils -- Could not detect default configuration classes for test class [live.learnjava.sms.ApplicationTests]: ApplicationTests does not declare any static, non-private, non-final, nested classes annotated with @Configuration.
01:38:31.467 [main] INFO org.springframework.boot.test.context.SpringBootTestContextBootstrapper -- Found @SpringBootConfiguration live.learnjava.sms.Application for test class live.learnjava.sms.ApplicationTests
01:38:32.172 [main] INFO org.springframework.boot.devtools.restart.RestartApplicationListener -- Restart disabled due to context in which it is running

  .   ____          _            __ _ _
 /\\ / ___'_ __ _ _(_)_ __  __ _ \ \ \ \
( ( )\___ | '_ | '_| | '_ \/ _` | \ \ \ \
 \\/  ___)| |_)| | | | | || (_| |  ) ) ) )
  '  |____| .__|_| |_|_| |_\__, | / / / /
 =========|_|==============|___/=/_/_/_/

 :: Spring Boot ::                (v3.3.2)

2024-07-26T01:38:33.903-04:00  INFO 31304 --- [01-student-management-system] [           main] live.learnjava.sms.ApplicationTests      : Starting ApplicationTests using Java 17.0.10 with PID 31304 (started by gopes in C:\Users\gopes\Dropbox\3-SAVERA STAFFING\1-Gopesh\trainings\java\SPRINGBOOT-THYMELEAF-MYSQL-RAMESH-FADATARE\01-student-management-system)
2024-07-26T01:38:33.913-04:00  INFO 31304 --- [01-student-management-system] [           main] live.learnjava.sms.ApplicationTests      : No active profile set, falling back to 1 default profile: "default"
2024-07-26T01:38:36.991-04:00  INFO 31304 --- [01-student-management-system] [           main] .s.d.r.c.RepositoryConfigurationDelegate : Bootstrapping Spring Data JPA repositories in DEFAULT mode.
2024-07-26T01:38:37.286-04:00  INFO 31304 --- [01-student-management-system] [           main] .s.d.r.c.RepositoryConfigurationDelegate : Finished Spring Data repository scanning in 258 ms. Found 1 JPA repository interface.
2024-07-26T01:38:39.912-04:00  INFO 31304 --- [01-student-management-system] [           main] o.hibernate.jpa.internal.util.LogHelper  : HHH000204: Processing PersistenceUnitInfo [name: default]
2024-07-26T01:38:40.292-04:00  INFO 31304 --- [01-student-management-system] [           main] org.hibernate.Version                    : HHH000412: Hibernate ORM core version 6.5.2.Final
2024-07-26T01:38:40.447-04:00  INFO 31304 --- [01-student-management-system] [           main] o.h.c.internal.RegionFactoryInitiator    : HHH000026: Second-level cache disabled
2024-07-26T01:38:42.381-04:00  INFO 31304 --- [01-student-management-system] [           main] o.s.o.j.p.SpringPersistenceUnitInfo      : No LoadTimeWeaver setup: ignoring JPA class transformer
2024-07-26T01:38:42.476-04:00  INFO 31304 --- [01-student-management-system] [           main] com.zaxxer.hikari.HikariDataSource       : HikariPool-1 - Starting...
2024-07-26T01:38:43.742-04:00  INFO 31304 --- [01-student-management-system] [           main] com.zaxxer.hikari.pool.HikariPool        : HikariPool-1 - Added connection com.mysql.cj.jdbc.ConnectionImpl@1530d0f2
2024-07-26T01:38:43.747-04:00  INFO 31304 --- [01-student-management-system] [           main] com.zaxxer.hikari.HikariDataSource       : HikariPool-1 - Start completed.
2024-07-26T01:38:43.907-04:00  WARN 31304 --- [01-student-management-system] [           main] org.hibernate.orm.deprecation            : HHH90000025: MySQLDialect does not need to be specified explicitly using 'hibernate.dialect' (remove the property setting and it will be selected by default)
2024-07-26T01:38:47.334-04:00  INFO 31304 --- [01-student-management-system] [           main] o.h.e.t.j.p.i.JtaPlatformInitiator       : HHH000489: No JTA platform available (set 'hibernate.transaction.jta.platform' to enable JTA platform integration)
2024-07-26T01:38:47.448-04:00  INFO 31304 --- [01-student-management-system] [           main] j.LocalContainerEntityManagerFactoryBean : Initialized JPA EntityManagerFactory for persistence unit 'default'
2024-07-26T01:38:49.270-04:00  WARN 31304 --- [01-student-management-system] [           main] JpaBaseConfiguration$JpaWebConfiguration : spring.jpa.open-in-view is enabled by default. Therefore, database queries may be performed during view rendering. Explicitly configure spring.jpa.open-in-view to disable this warning
2024-07-26T01:38:50.478-04:00  INFO 31304 --- [01-student-management-system] [           main] live.learnjava.sms.ApplicationTests      : Started ApplicationTests in 18.34 seconds (process running for 21.67)
]]></system-out>
  </testcase>
</testsuite>