<?xml version="1.0" encoding="UTF-8"?>
<testsuite xmlns:xsi="http://www.w3.org/2001/XMLSchema-instance" xsi:noNamespaceSchemaLocation="https://maven.apache.org/surefire/maven-surefire-plugin/xsd/surefire-test-report-3.0.xsd" version="3.0" name="live.learnjava.sms.ApplicationTests" time="5.705" tests="1" errors="0" skipped="0" failures="0">
  <properties>
[...]
</properties>
  <testcase name="contextLoads" classname="live.learnjava.sms.ApplicationTests" time="0.524">
    <system-out><![CDATA[07:14:30.362 [main] INFO org.springframework.test.context.support.AnnotationConfigContextLoaderUtils -- Could not detect default configuration classes for test class [live.learnjava.sms.ApplicationTests]: ApplicationTests does not declare any static, non-private, non-final, nested classes annotated with @Configuration.
07:14:30.475 [main] INFO org.springframework.boot.test.context.SpringBootTestContextBootstrapper -- Found @SpringBootConfiguration live.learnjava.sms.Application for test class live.learnjava.sms.ApplicationTests
07:14:30.678 [main] INFO org.springframework.boot.devtools.restart.RestartApplicationListener -- Restart disabled due to context in which it is running

  .   ____          _            __ _ _
 /\\ / ___'_ __ _ _(_)_ __  __ _ \ \ \ \
( ( )\___ | '_ | '_| | '_ \/ _` | \ \ \ \
 \\/  ___)| |_)| | | | | || (_| |  ) ) ) )
  '  |____| .__|_| |_|_| |_\__, | / / / /
 =========|_|==============|___/=/_/_/_/

 :: Spring Boot ::                (v3.3.2)

2024-07-26T07:14:31.038-04:00  INFO 25884 --- [01-student-management-system] [           main] live.learnjava.sms.ApplicationTests      : Starting ApplicationTests using Java 21.0.3 with PID 25884 (started by gopes in C:\Users\gopes\Dropbox\3-SAVERA STAFFING\1-Gopesh\trainings\java\SPRINGBOOT-THYMELEAF-MYSQL-RAMESH-FADATARE\springboot-mysql-student-management-system)
2024-07-26T07:14:31.039-04:00  INFO 25884 --- [01-student-management-system] [           main] live.learnjava.sms.ApplicationTests      : No active profile set, falling back to 1 default profile: "default"
2024-07-26T07:14:31.813-04:00  INFO 25884 --- [01-student-management-system] [           main] .s.d.r.c.RepositoryConfigurationDelegate : Bootstrapping Spring Data JPA repositories in DEFAULT mode.
2024-07-26T07:14:31.884-04:00  INFO 25884 --- [01-student-management-system] [           main] .s.d.r.c.RepositoryConfigurationDelegate : Finished Spring Data repository scanning in 59 ms. Found 1 JPA repository interface.
2024-07-26T07:14:32.414-04:00  INFO 25884 --- [01-student-management-system] [           main] o.hibernate.jpa.internal.util.LogHelper  : HHH000204: Processing PersistenceUnitInfo [name: default]
2024-07-26T07:14:32.493-04:00  INFO 25884 --- [01-student-management-system] [           main] org.hibernate.Version                    : HHH000412: Hibernate ORM core version 6.5.2.Final
2024-07-26T07:14:32.535-04:00  INFO 25884 --- [01-student-management-system] [           main] o.h.c.internal.RegionFactoryInitiator    : HHH000026: Second-level cache disabled
2024-07-26T07:14:32.920-04:00  INFO 25884 --- [01-student-management-system] [           main] o.s.o.j.p.SpringPersistenceUnitInfo      : No LoadTimeWeaver setup: ignoring JPA class transformer
2024-07-26T07:14:32.958-04:00  INFO 25884 --- [01-student-management-system] [           main] com.zaxxer.hikari.HikariDataSource       : HikariPool-1 - Starting...
2024-07-26T07:14:33.306-04:00  INFO 25884 --- [01-student-management-system] [           main] com.zaxxer.hikari.pool.HikariPool        : HikariPool-1 - Added connection com.mysql.cj.jdbc.ConnectionImpl@5a8dcfbb
2024-07-26T07:14:33.309-04:00  INFO 25884 --- [01-student-management-system] [           main] com.zaxxer.hikari.HikariDataSource       : HikariPool-1 - Start completed.
2024-07-26T07:14:33.375-04:00  WARN 25884 --- [01-student-management-system] [           main] org.hibernate.orm.deprecation            : HHH90000025: MySQLDialect does not need to be specified explicitly using 'hibernate.dialect' (remove the property setting and it will be selected by default)
2024-07-26T07:14:34.244-04:00  INFO 25884 --- [01-student-management-system] [           main] o.h.e.t.j.p.i.JtaPlatformInitiator       : HHH000489: No JTA platform available (set 'hibernate.transaction.jta.platform' to enable JTA platform integration)
2024-07-26T07:14:34.281-04:00  INFO 25884 --- [01-student-management-system] [           main] j.LocalContainerEntityManagerFactoryBean : Initialized JPA EntityManagerFactory for persistence unit 'default'
2024-07-26T07:14:34.779-04:00  WARN 25884 --- [01-student-management-system] [           main] JpaBaseConfiguration$JpaWebConfiguration : spring.jpa.open-in-view is enabled by default. Therefore, database queries may be performed during view rendering. Explicitly configure spring.jpa.open-in-view to disable this warning
2024-07-26T07:14:35.320-04:00  INFO 25884 --- [01-student-management-system] [           main] live.learnjava.sms.ApplicationTests      : Started ApplicationTests in 4.659 seconds (process running for 5.719)
]]></system-out>
    <system-err><![CDATA[WARNING: A Java agent has been loaded dynamically (C:\Users\gopes\.m2\repository\net\bytebuddy\byte-buddy-agent\1.14.18\byte-buddy-agent-1.14.18.jar)
WARNING: If a serviceability tool is in use, please run with -XX:+EnableDynamicAgentLoading to hide this warning
WARNING: If a serviceability tool is not in use, please run with -Djdk.instrument.traceUsage for more information
WARNING: Dynamic loading of agents will be disallowed by default in a future release
]]></system-err>
  </testcase>
</testsuite>